<?xml version="1.0" encoding="UTF-8"?>
<testsuite xmlns:xsi="http://www.w3.org/2001/XMLSchema-instance" xsi:noNamespaceSchemaLocation="https://maven.apache.org/surefire/maven-surefire-plugin/xsd/surefire-test-report.xsd" name="this feature is to test login functionality validation" time="18.431" tests="3" errors="0" skipped="0" failures="0">
  <properties>
[...]
</properties>
  <testcase name="to check login using valid login credentials #1" classname="this feature is to test login functionality validation" time="11.187"/>
  <testcase name="to check login using valid login credentials #2" classname="this feature is to test login functionality validation" time="3.782"/>
  <testcase name="to check login using invalid login credentials" classname="this feature is to test login functionality validation" time="3.462"/>
</testsuite>